Build started 11/4/2016 11:49:56 AM.
     1>Project "C:\4213_Intro_Graphics\projects\shoe_project_1\shoe_project_1\shoe_project_1.vcxproj" on node 2 (Build target(s)).
     1>ClCompile:
         C:\Program Files (x86)\Microsoft Visual Studio 12.0\VC\bin\CL.exe /c /ZI /nologo /W3 /WX- /sdl /Od /Oy- /D WIN32 /D _DEBUG /D _CONSOLE /D _LIB /D _UNICODE /D UNICODE /Gm /EHsc /RTC1 /MDd /GS /fp:precise /Zc:wchar_t /Zc:forScope /Fo"Debug\\" /Fd"Debug\vc120.pdb" /Gd /TP /analyze- /errorReport:prompt InitShader.cpp append_example2.cpp
         append_example2.cpp
     1>c:\4213_intro_graphics\projects\shoe_project_1\shoe_project_1\angel.h(63): warning C4305: 'initializing' : truncation from 'double' to 'const GLfloat'
     1>c:\4213_intro_graphics\projects\shoe_project_1\shoe_project_1\mat.h(707): warning C4244: '=' : conversion from 'double' to 'GLfloat', possible loss of data
     1>c:\4213_intro_graphics\projects\shoe_project_1\shoe_project_1\mat.h(708): warning C4244: '=' : conversion from 'double' to 'GLfloat', possible loss of data
     1>c:\4213_intro_graphics\projects\shoe_project_1\shoe_project_1\mat.h(709): warning C4244: '=' : conversion from 'double' to 'GLfloat', possible loss of data
     1>c:\4213_intro_graphics\projects\shoe_project_1\shoe_project_1\mat.h(730): warning C4244: '=' : conversion from 'double' to 'GLfloat', possible loss of data
     1>c:\4213_intro_graphics\projects\shoe_project_1\shoe_project_1\mat.h(732): warning C4244: '=' : conversion from 'double' to 'GLfloat', possible loss of data
     1>c:\4213_intro_graphics\projects\shoe_project_1\shoe_project_1\mat.h(735): warning C4244: '=' : conversion from 'double' to 'GLfloat', possible loss of data
     1>c:\4213_intro_graphics\projects\shoe_project_1\shoe_project_1\mat.h(752): warning C4244: '=' : conversion from 'double' to 'GLfloat', possible loss of data
     1>c:\4213_intro_graphics\projects\shoe_project_1\shoe_project_1\append_example2.cpp(37): warning C4244: 'argument' : conversion from 'double' to 'GLfloat', possible loss of data
     1>c:\4213_intro_graphics\projects\shoe_project_1\shoe_project_1\append_example2.cpp(49): warning C4244: 'argument' : conversion from 'double' to 'GLfloat', possible loss of data
     1>c:\4213_intro_graphics\projects\shoe_project_1\shoe_project_1\append_example2.cpp(52): warning C4244: 'argument' : conversion from 'double' to 'GLfloat', possible loss of data
         InitShader.cpp
     1>c:\4213_intro_graphics\projects\shoe_project_1\shoe_project_1\angel.h(63): warning C4305: 'initializing' : truncation from 'double' to 'const GLfloat'
     1>c:\4213_intro_graphics\projects\shoe_project_1\shoe_project_1\mat.h(707): warning C4244: '=' : conversion from 'double' to 'GLfloat', possible loss of data
     1>c:\4213_intro_graphics\projects\shoe_project_1\shoe_project_1\mat.h(708): warning C4244: '=' : conversion from 'double' to 'GLfloat', possible loss of data
     1>c:\4213_intro_graphics\projects\shoe_project_1\shoe_project_1\mat.h(709): warning C4244: '=' : conversion from 'double' to 'GLfloat', possible loss of data
     1>c:\4213_intro_graphics\projects\shoe_project_1\shoe_project_1\mat.h(730): warning C4244: '=' : conversion from 'double' to 'GLfloat', possible loss of data
     1>c:\4213_intro_graphics\projects\shoe_project_1\shoe_project_1\mat.h(732): warning C4244: '=' : conversion from 'double' to 'GLfloat', possible loss of data
     1>c:\4213_intro_graphics\projects\shoe_project_1\shoe_project_1\mat.h(735): warning C4244: '=' : conversion from 'double' to 'GLfloat', possible loss of data
     1>c:\4213_intro_graphics\projects\shoe_project_1\shoe_project_1\mat.h(752): warning C4244: '=' : conversion from 'double' to 'GLfloat', possible loss of data
         Generating Code...
       Link:
         C:\Program Files (x86)\Microsoft Visual Studio 12.0\VC\bin\link.exe /ERRORREPORT:PROMPT /OUT:"C:\4213_Intro_Graphics\projects\shoe_project_1\Debug\shoe_project_1.exe" /INCREMENTAL /NOLOGO kernel32.lib user32.lib gdi32.lib winspool.lib comdlg32.lib advapi32.lib shell32.lib ole32.lib oleaut32.lib uuid.lib odbc32.lib odbccp32.lib /MANIFEST /MANIFESTUAC:"level='asInvoker' uiAccess='false'" /manifest:embed /DEBUG /PDB:"C:\4213_Intro_Graphics\projects\shoe_project_1\Debug\shoe_project_1.pdb" /SUBSYSTEM:CONSOLE /TLBID:1 /DYNAMICBASE /NXCOMPAT /IMPLIB:"C:\4213_Intro_Graphics\projects\shoe_project_1\Debug\shoe_project_1.lib" /MACHINE:X86 Debug\append_example2.obj
         Debug\InitShader.obj
         LINK : C:\4213_Intro_Graphics\projects\shoe_project_1\Debug\shoe_project_1.exe not found or not built by the last incremental link; performing full link
         shoe_project_1.vcxproj -> C:\4213_Intro_Graphics\projects\shoe_project_1\Debug\shoe_project_1.exe
     1>Done Building Project "C:\4213_Intro_Graphics\projects\shoe_project_1\shoe_project_1\shoe_project_1.vcxproj" (Build target(s)).

Build succeeded.

Time Elapsed 00:00:03.66
